Build started 8/13/2016 6:54:02 AM.
     1>Project "C:\Users\Ali J\documents\visual studio 2013\Projects\CChess\CChess\CChess.vcxproj" on node 2 (Build target(s)).
     1>ClCompile:
         D:\Visual Studio\VS2013 installed version\VC\bin\CL.exe /c /Zi /nologo /W3 /WX- /sdl /O2 /Oi /Oy- /GL /D _CRT_SECURE_NO_WARNINGS /D _MBCS /Gm- /EHsc /MD /GS /Gy /fp:precise /Zc:wchar_t /Zc:forScope /Fo"Release\\" /Fd"Release\vc120.pdb" /Gd /TP /analyze- /errorReport:prompt data.cpp init.cpp util.cpp
         data.cpp
         init.cpp
         util.cpp
     1>C:\Program Files (x86)\Windows Kits\8.1\Include\um\winbase.h(702): warning C4005: 'INFINITE' : macro redefinition
                 c:\users\ali j\documents\visual studio 2013\projects\cchess\cchess\definitions.h(37) : see previous definition of 'INFINITE'
       Link:
         D:\Visual Studio\VS2013 installed version\VC\bin\link.exe /ERRORREPORT:PROMPT /OUT:"C:\Users\Ali J\documents\visual studio 2013\Projects\CChess\Release\CChess.exe" /NOLOGO kernel32.lib user32.lib gdi32.lib winspool.lib comdlg32.lib advapi32.lib shell32.lib ole32.lib oleaut32.lib uuid.lib odbc32.lib odbccp32.lib /MANIFEST /MANIFESTUAC:"level='asInvoker' uiAccess='false'" /manifest:embed /DEBUG /PDB:"C:\Users\Ali J\documents\visual studio 2013\Projects\CChess\Release\CChess.pdb" /OPT:REF /OPT:ICF /LTCG /TLBID:1 /DYNAMICBASE /NXCOMPAT /IMPLIB:"C:\Users\Ali J\documents\visual studio 2013\Projects\CChess\Release\CChess.lib" /MACHINE:X86 /SAFESEH Release\attack.obj
         Release\bitBoards.obj
         Release\cChess.obj
         Release\chessBoard.obj
         Release\chessIO.obj
         Release\data.obj
         Release\evaluate.obj
         Release\hashValueTable.obj
         Release\init.obj
         Release\keyGen.obj
         Release\makeMove.obj
         Release\moveGenarator.obj
         Release\perft.obj
         Release\search.obj
         Release\util.obj
         Release\validate.obj
         Generating code
         Finished generating code
         CChess.vcxproj -> C:\Users\Ali J\documents\visual studio 2013\Projects\CChess\Release\CChess.exe
     1>Done Building Project "C:\Users\Ali J\documents\visual studio 2013\Projects\CChess\CChess\CChess.vcxproj" (Build target(s)).

Build succeeded.

Time Elapsed 00:00:00.83
